[2025-11-23 06:54:55] local.INFO: Permisos cargados para usuario 1 (Rol: propietario): 54 permisos  
[2025-11-23 06:54:55] local.DEBUG: Permisos: ["productos.listar","productos.ver","productos.crear","productos.editar","productos.eliminar","categorias.listar","categorias.ver","categorias.crear","categorias.editar","categorias.eliminar","ventas.listar","ventas.ver","ventas.crear","ventas.editar","ventas.eliminar","compras.listar","compras.ver","compras.crear","compras.editar","compras.eliminar","compras.validar","compras.cancelar","compras.ver_propias","clientes.listar","clientes.ver","clientes.crear","clientes.editar","clientes.eliminar","proveedores.listar","proveedores.ver","proveedores.crear","proveedores.editar","proveedores.eliminar","inventario.listar","inventario.ver","inventario.crear","inventario.ajustar","creditos.listar","creditos.ver","creditos.pagos","creditos.cuotas","usuarios.listar","usuarios.ver","usuarios.crear","usuarios.editar","usuarios.eliminar","roles.listar","roles.ver","roles.crear","roles.editar","roles.eliminar","estadisticas.ver","estadisticas.exportar","dashboard.ver"]  
[2025-11-23 06:54:55] local.INFO: Permisos cargados para usuario 1 (Rol: propietario): 54 permisos  
[2025-11-23 06:54:55] local.DEBUG: Permisos: ["productos.listar","productos.ver","productos.crear","productos.editar","productos.eliminar","categorias.listar","categorias.ver","categorias.crear","categorias.editar","categorias.eliminar","ventas.listar","ventas.ver","ventas.crear","ventas.editar","ventas.eliminar","compras.listar","compras.ver","compras.crear","compras.editar","compras.eliminar","compras.validar","compras.cancelar","compras.ver_propias","clientes.listar","clientes.ver","clientes.crear","clientes.editar","clientes.eliminar","proveedores.listar","proveedores.ver","proveedores.crear","proveedores.editar","proveedores.eliminar","inventario.listar","inventario.ver","inventario.crear","inventario.ajustar","creditos.listar","creditos.ver","creditos.pagos","creditos.cuotas","usuarios.listar","usuarios.ver","usuarios.crear","usuarios.editar","usuarios.eliminar","roles.listar","roles.ver","roles.crear","roles.editar","roles.eliminar","estadisticas.ver","estadisticas.exportar","dashboard.ver"]  
[2025-11-23 06:54:56] local.INFO: Permisos cargados para usuario 1 (Rol: propietario): 54 permisos  
[2025-11-23 06:54:56] local.DEBUG: Permisos: ["productos.listar","productos.ver","productos.crear","productos.editar","productos.eliminar","categorias.listar","categorias.ver","categorias.crear","categorias.editar","categorias.eliminar","ventas.listar","ventas.ver","ventas.crear","ventas.editar","ventas.eliminar","compras.listar","compras.ver","compras.crear","compras.editar","compras.eliminar","compras.validar","compras.cancelar","compras.ver_propias","clientes.listar","clientes.ver","clientes.crear","clientes.editar","clientes.eliminar","proveedores.listar","proveedores.ver","proveedores.crear","proveedores.editar","proveedores.eliminar","inventario.listar","inventario.ver","inventario.crear","inventario.ajustar","creditos.listar","creditos.ver","creditos.pagos","creditos.cuotas","usuarios.listar","usuarios.ver","usuarios.crear","usuarios.editar","usuarios.eliminar","roles.listar","roles.ver","roles.crear","roles.editar","roles.eliminar","estadisticas.ver","estadisticas.exportar","dashboard.ver"]  
[2025-11-23 06:54:56] local.INFO: Permisos cargados para usuario 1 (Rol: propietario): 54 permisos  
[2025-11-23 06:54:56] local.DEBUG: Permisos: ["productos.listar","productos.ver","productos.crear","productos.editar","productos.eliminar","categorias.listar","categorias.ver","categorias.crear","categorias.editar","categorias.eliminar","ventas.listar","ventas.ver","ventas.crear","ventas.editar","ventas.eliminar","compras.listar","compras.ver","compras.crear","compras.editar","compras.eliminar","compras.validar","compras.cancelar","compras.ver_propias","clientes.listar","clientes.ver","clientes.crear","clientes.editar","clientes.eliminar","proveedores.listar","proveedores.ver","proveedores.crear","proveedores.editar","proveedores.eliminar","inventario.listar","inventario.ver","inventario.crear","inventario.ajustar","creditos.listar","creditos.ver","creditos.pagos","creditos.cuotas","usuarios.listar","usuarios.ver","usuarios.crear","usuarios.editar","usuarios.eliminar","roles.listar","roles.ver","roles.crear","roles.editar","roles.eliminar","estadisticas.ver","estadisticas.exportar","dashboard.ver"]  
[2025-11-23 06:54:56] local.INFO: [RoleMiddleware] Verificando roles: cliente para usuario 1 (Rol: propietario)  
[2025-11-23 06:54:56] local.WARNING: [RoleMiddleware] Usuario 1 (Rol: propietario) NO tiene ninguno de los roles requeridos: cliente  
[2025-11-23 06:54:56] local.INFO: Permisos cargados para usuario 1 (Rol: propietario): 54 permisos  
[2025-11-23 06:54:56] local.DEBUG: Permisos: ["productos.listar","productos.ver","productos.crear","productos.editar","productos.eliminar","categorias.listar","categorias.ver","categorias.crear","categorias.editar","categorias.eliminar","ventas.listar","ventas.ver","ventas.crear","ventas.editar","ventas.eliminar","compras.listar","compras.ver","compras.crear","compras.editar","compras.eliminar","compras.validar","compras.cancelar","compras.ver_propias","clientes.listar","clientes.ver","clientes.crear","clientes.editar","clientes.eliminar","proveedores.listar","proveedores.ver","proveedores.crear","proveedores.editar","proveedores.eliminar","inventario.listar","inventario.ver","inventario.crear","inventario.ajustar","creditos.listar","creditos.ver","creditos.pagos","creditos.cuotas","usuarios.listar","usuarios.ver","usuarios.crear","usuarios.editar","usuarios.eliminar","roles.listar","roles.ver","roles.crear","roles.editar","roles.eliminar","estadisticas.ver","estadisticas.exportar","dashboard.ver"]  
[2025-11-23 06:54:58] local.INFO: Permisos cargados para usuario 1 (Rol: propietario): 54 permisos  
[2025-11-23 06:54:58] local.DEBUG: Permisos: ["productos.listar","productos.ver","productos.crear","productos.editar","productos.eliminar","categorias.listar","categorias.ver","categorias.crear","categorias.editar","categorias.eliminar","ventas.listar","ventas.ver","ventas.crear","ventas.editar","ventas.eliminar","compras.listar","compras.ver","compras.crear","compras.editar","compras.eliminar","compras.validar","compras.cancelar","compras.ver_propias","clientes.listar","clientes.ver","clientes.crear","clientes.editar","clientes.eliminar","proveedores.listar","proveedores.ver","proveedores.crear","proveedores.editar","proveedores.eliminar","inventario.listar","inventario.ver","inventario.crear","inventario.ajustar","creditos.listar","creditos.ver","creditos.pagos","creditos.cuotas","usuarios.listar","usuarios.ver","usuarios.crear","usuarios.editar","usuarios.eliminar","roles.listar","roles.ver","roles.crear","roles.editar","roles.eliminar","estadisticas.ver","estadisticas.exportar","dashboard.ver"]  
[2025-11-23 06:54:58] local.INFO: [RoleMiddleware] Verificando roles: cliente para usuario 1 (Rol: propietario)  
[2025-11-23 06:54:58] local.WARNING: [RoleMiddleware] Usuario 1 (Rol: propietario) NO tiene ninguno de los roles requeridos: cliente  
[2025-11-23 06:54:58] local.INFO: Permisos cargados para usuario 1 (Rol: propietario): 54 permisos  
[2025-11-23 06:54:58] local.DEBUG: Permisos: ["productos.listar","productos.ver","productos.crear","productos.editar","productos.eliminar","categorias.listar","categorias.ver","categorias.crear","categorias.editar","categorias.eliminar","ventas.listar","ventas.ver","ventas.crear","ventas.editar","ventas.eliminar","compras.listar","compras.ver","compras.crear","compras.editar","compras.eliminar","compras.validar","compras.cancelar","compras.ver_propias","clientes.listar","clientes.ver","clientes.crear","clientes.editar","clientes.eliminar","proveedores.listar","proveedores.ver","proveedores.crear","proveedores.editar","proveedores.eliminar","inventario.listar","inventario.ver","inventario.crear","inventario.ajustar","creditos.listar","creditos.ver","creditos.pagos","creditos.cuotas","usuarios.listar","usuarios.ver","usuarios.crear","usuarios.editar","usuarios.eliminar","roles.listar","roles.ver","roles.crear","roles.editar","roles.eliminar","estadisticas.ver","estadisticas.exportar","dashboard.ver"]  
[2025-11-23 06:55:00] local.INFO: Permisos cargados para usuario 1 (Rol: propietario): 54 permisos  
[2025-11-23 06:55:00] local.DEBUG: Permisos: ["productos.listar","productos.ver","productos.crear","productos.editar","productos.eliminar","categorias.listar","categorias.ver","categorias.crear","categorias.editar","categorias.eliminar","ventas.listar","ventas.ver","ventas.crear","ventas.editar","ventas.eliminar","compras.listar","compras.ver","compras.crear","compras.editar","compras.eliminar","compras.validar","compras.cancelar","compras.ver_propias","clientes.listar","clientes.ver","clientes.crear","clientes.editar","clientes.eliminar","proveedores.listar","proveedores.ver","proveedores.crear","proveedores.editar","proveedores.eliminar","inventario.listar","inventario.ver","inventario.crear","inventario.ajustar","creditos.listar","creditos.ver","creditos.pagos","creditos.cuotas","usuarios.listar","usuarios.ver","usuarios.crear","usuarios.editar","usuarios.eliminar","roles.listar","roles.ver","roles.crear","roles.editar","roles.eliminar","estadisticas.ver","estadisticas.exportar","dashboard.ver"]  
[2025-11-23 06:55:07] local.INFO: Permisos cargados para usuario 3 (Rol: cliente): 0 permisos  
[2025-11-23 06:55:07] local.DEBUG: Permisos: []  
[2025-11-23 06:55:08] local.INFO: Permisos cargados para usuario 3 (Rol: cliente): 0 permisos  
[2025-11-23 06:55:08] local.DEBUG: Permisos: []  
[2025-11-23 06:55:08] local.INFO: Permisos cargados para usuario 3 (Rol: cliente): 0 permisos  
[2025-11-23 06:55:08] local.DEBUG: Permisos: []  
[2025-11-23 06:55:08] local.INFO: Permisos cargados para usuario 3 (Rol: cliente): 0 permisos  
[2025-11-23 06:55:08] local.DEBUG: Permisos: []  
[2025-11-23 06:55:10] local.INFO: Permisos cargados para usuario 3 (Rol: cliente): 0 permisos  
[2025-11-23 06:55:10] local.DEBUG: Permisos: []  
[2025-11-23 06:55:10] local.INFO: [RoleMiddleware] Verificando roles: cliente para usuario 3 (Rol: cliente)  
[2025-11-23 06:55:10] local.INFO: [RoleMiddleware] Usuario 3 tiene rol: cliente  
[2025-11-23 06:55:10] local.INFO: Permisos cargados para usuario 3 (Rol: cliente): 0 permisos  
[2025-11-23 06:55:10] local.DEBUG: Permisos: []  
[2025-11-23 06:55:10] local.INFO: Permisos cargados para usuario 3 (Rol: cliente): 0 permisos  
[2025-11-23 06:55:10] local.DEBUG: Permisos: []  
[2025-11-23 06:55:10] local.INFO: Permisos cargados para usuario 3 (Rol: cliente): 0 permisos  
[2025-11-23 06:55:10] local.DEBUG: Permisos: []  
[2025-11-23 06:55:10] local.INFO: Permisos cargados para usuario 3 (Rol: cliente): 0 permisos  
[2025-11-23 06:55:10] local.DEBUG: Permisos: []  
[2025-11-23 06:55:12] local.INFO: Permisos cargados para usuario 3 (Rol: cliente): 0 permisos  
[2025-11-23 06:55:12] local.DEBUG: Permisos: []  
[2025-11-23 06:55:12] local.INFO: [RoleMiddleware] Verificando roles: cliente para usuario 3 (Rol: cliente)  
[2025-11-23 06:55:12] local.INFO: [RoleMiddleware] Usuario 3 tiene rol: cliente  
[2025-11-23 06:55:12] local.INFO: Permisos cargados para usuario 3 (Rol: cliente): 0 permisos  
[2025-11-23 06:55:12] local.DEBUG: Permisos: []  
[2025-11-23 06:55:12] local.INFO: Permisos cargados para usuario 3 (Rol: cliente): 0 permisos  
[2025-11-23 06:55:12] local.DEBUG: Permisos: []  
[2025-11-23 06:55:12] local.INFO: Permisos cargados para usuario 3 (Rol: cliente): 0 permisos  
[2025-11-23 06:55:12] local.DEBUG: Permisos: []  
[2025-11-23 06:55:12] local.INFO: Permisos cargados para usuario 3 (Rol: cliente): 0 permisos  
[2025-11-23 06:55:12] local.DEBUG: Permisos: []  
[2025-11-23 06:55:12] local.INFO: Permisos cargados para usuario 3 (Rol: cliente): 0 permisos  
[2025-11-23 06:55:12] local.DEBUG: Permisos: []  
[2025-11-23 06:55:14] local.INFO: Permisos cargados para usuario 3 (Rol: cliente): 0 permisos  
[2025-11-23 06:55:14] local.DEBUG: Permisos: []  
[2025-11-23 06:55:14] local.INFO: [RoleMiddleware] Verificando roles: cliente para usuario 3 (Rol: cliente)  
[2025-11-23 06:55:14] local.INFO: [RoleMiddleware] Usuario 3 tiene rol: cliente  
[2025-11-23 06:55:14] local.INFO: Permisos cargados para usuario 3 (Rol: cliente): 0 permisos  
[2025-11-23 06:55:14] local.DEBUG: Permisos: []  
[2025-11-23 06:55:14] local.INFO: Permisos cargados para usuario 3 (Rol: cliente): 0 permisos  
[2025-11-23 06:55:14] local.DEBUG: Permisos: []  
[2025-11-23 06:55:14] local.INFO: Permisos cargados para usuario 3 (Rol: cliente): 0 permisos  
[2025-11-23 06:55:14] local.DEBUG: Permisos: []  
[2025-11-23 06:55:14] local.INFO: Permisos cargados para usuario 3 (Rol: cliente): 0 permisos  
[2025-11-23 06:55:14] local.DEBUG: Permisos: []  
[2025-11-23 06:55:14] local.INFO: Permisos cargados para usuario 3 (Rol: cliente): 0 permisos  
[2025-11-23 06:55:14] local.DEBUG: Permisos: []  
[2025-11-23 06:55:14] local.INFO: Permisos cargados para usuario 3 (Rol: cliente): 0 permisos  
[2025-11-23 06:55:14] local.DEBUG: Permisos: []  
[2025-11-23 06:55:16] local.INFO: Permisos cargados para usuario 3 (Rol: cliente): 0 permisos  
[2025-11-23 06:55:16] local.DEBUG: Permisos: []  
[2025-11-23 06:55:16] local.INFO: [RoleMiddleware] Verificando roles: cliente para usuario 3 (Rol: cliente)  
[2025-11-23 06:55:16] local.INFO: [RoleMiddleware] Usuario 3 tiene rol: cliente  
[2025-11-23 06:55:16] local.INFO: Permisos cargados para usuario 3 (Rol: cliente): 0 permisos  
[2025-11-23 06:55:16] local.DEBUG: Permisos: []  
[2025-11-23 06:55:16] local.INFO: Permisos cargados para usuario 3 (Rol: cliente): 0 permisos  
[2025-11-23 06:55:16] local.DEBUG: Permisos: []  
[2025-11-23 06:55:16] local.INFO: Permisos cargados para usuario 3 (Rol: cliente): 0 permisos  
[2025-11-23 06:55:16] local.DEBUG: Permisos: []  
[2025-11-23 06:55:16] local.INFO: Permisos cargados para usuario 3 (Rol: cliente): 0 permisos  
[2025-11-23 06:55:16] local.DEBUG: Permisos: []  
[2025-11-23 06:55:16] local.INFO: Permisos cargados para usuario 3 (Rol: cliente): 0 permisos  
[2025-11-23 06:55:16] local.DEBUG: Permisos: []  
[2025-11-23 06:55:16] local.INFO: Permisos cargados para usuario 3 (Rol: cliente): 0 permisos  
[2025-11-23 06:55:16] local.DEBUG: Permisos: []  
[2025-11-23 06:55:16] local.INFO: Permisos cargados para usuario 3 (Rol: cliente): 0 permisos  
[2025-11-23 06:55:16] local.DEBUG: Permisos: []  
[2025-11-23 06:55:50] local.INFO: Permisos cargados para usuario 3 (Rol: cliente): 0 permisos  
[2025-11-23 06:55:50] local.DEBUG: Permisos: []  
[2025-11-23 06:55:50] local.INFO: [RoleMiddleware] Verificando roles: cliente para usuario 3 (Rol: cliente)  
[2025-11-23 06:55:50] local.INFO: [RoleMiddleware] Usuario 3 tiene rol: cliente  
[2025-11-23 06:55:50] local.INFO: Permisos cargados para usuario 3 (Rol: cliente): 0 permisos  
[2025-11-23 06:55:50] local.DEBUG: Permisos: []  
[2025-11-23 06:55:50] local.INFO: [RoleMiddleware] Verificando roles: cliente para usuario 3 (Rol: cliente)  
[2025-11-23 06:55:50] local.INFO: [RoleMiddleware] Usuario 3 tiene rol: cliente  
[2025-11-23 06:55:50] local.INFO: Permisos cargados para usuario 3 (Rol: cliente): 0 permisos  
[2025-11-23 06:55:50] local.DEBUG: Permisos: []  
[2025-11-23 06:55:50] local.INFO: Permisos cargados para usuario 3 (Rol: cliente): 0 permisos  
[2025-11-23 06:55:50] local.DEBUG: Permisos: []  
[2025-11-23 06:55:50] local.INFO: Permisos cargados para usuario 3 (Rol: cliente): 0 permisos  
[2025-11-23 06:55:50] local.DEBUG: Permisos: []  
[2025-11-23 06:55:50] local.INFO: Permisos cargados para usuario 3 (Rol: cliente): 0 permisos  
[2025-11-23 06:55:50] local.DEBUG: Permisos: []  
[2025-11-23 06:55:50] local.INFO: Permisos cargados para usuario 3 (Rol: cliente): 0 permisos  
[2025-11-23 06:55:50] local.DEBUG: Permisos: []  
[2025-11-23 06:55:50] local.INFO: Permisos cargados para usuario 3 (Rol: cliente): 0 permisos  
[2025-11-23 06:55:50] local.DEBUG: Permisos: []  
[2025-11-23 06:55:50] local.INFO: Permisos cargados para usuario 3 (Rol: cliente): 0 permisos  
[2025-11-23 06:55:50] local.DEBUG: Permisos: []  
